<?xml version="1.0" encoding="UTF-8"?>
<testng-results ignored="0" total="1" passed="1" failed="0" skipped="0">
  <reporter-output>
  </reporter-output>
  <suite started-at="2023-04-09T23:47:52 IST" name="Default suite" finished-at="2023-04-09T23:47:52 IST" duration-ms="153">
    <groups>
    </groups>
    <test started-at="2023-04-09T23:47:52 IST" name="Default test" finished-at="2023-04-09T23:47:52 IST" duration-ms="153">
      <class name="seleniumnewproject.MyFirstMaveanProject">
        <test-method signature="project()[pri:0, instance:seleniumnewproject.MyFirstMaveanProject@6a6afff2]" started-at="2023-04-09T23:47:52 IST" name="project" finished-at="2023-04-09T23:47:52 IST" duration-ms="27" status="PASS">
          <reporter-output>
          </reporter-output>
        </test-method> <!-- project -->
      </class> <!-- seleniumnewproject.MyFirstMaveanProject -->
    </test> <!-- Default test -->
  </suite> <!-- Default suite -->
</testng-results>
